2021-10-19 20:43:57,283:INFO:PyCaret Supervised Module
2021-10-19 20:43:57,283:INFO:ML Usecase: classification
2021-10-19 20:43:57,295:INFO:version 2.3.2
2021-10-19 20:43:57,295:INFO:Initializing setup()
2021-10-19 20:43:57,295:INFO:setup(target=Pega, ml_usecase=classification, available_plots={'parameter': 'Hyperparameters', 'auc': 'AUC', 'confusion_matrix': 'Confusion Matrix', 'threshold': 'Threshold', 'pr': 'Precision Recall', 'error': 'Prediction Error', 'class_report': 'Class Report', 'rfe': 'Feature Selection', 'learning': 'Learning Curve', 'manifold': 'Manifold Learning', 'calibration': 'Calibration Curve', 'vc': 'Validation Curve', 'dimension': 'Dimensions', 'feature': 'Feature Importance', 'feature_all': 'Feature Importance (All)', 'boundary': 'Decision Boundary', 'lift': 'Lift Chart', 'gain': 'Gain Chart', 'tree': 'Decision Tree', 'ks': 'KS Statistic Plot'}, train_size=0.7, test_data=None, preprocess=True, imputation_type=simple, iterative_imputation_iters=5, categorical_features=None, categorical_imputation=constant, categorical_iterative_imputer=lightgbm, ordinal_features=None, high_cardinality_features=None, high_cardinality_method=frequency, numeric_features=None, numeric_imputation=mean, numeric_iterative_imputer=lightgbm, date_features=None, ignore_features=None, normalize=False, normalize_method=zscore, transformation=False, transformation_method=yeo-johnson, handle_unknown_categorical=True, unknown_categorical_method=least_frequent, pca=False, pca_method=linear, pca_components=None, ignore_low_variance=False, combine_rare_levels=False, rare_level_threshold=0.1, bin_numeric_features=None, remove_outliers=False, outliers_threshold=0.05, remove_multicollinearity=False, multicollinearity_threshold=0.9, remove_perfect_collinearity=True, create_clusters=False, cluster_iter=20, polynomial_features=False, polynomial_degree=2, trigonometry_features=False, polynomial_threshold=0.1, group_features=None, group_names=None, feature_selection=False, feature_selection_threshold=0.8, feature_selection_method=classic, feature_interaction=False, feature_ratio=False, interaction_threshold=0.01, fix_imbalance=False, fix_imbalance_method=None, transform_target=False, transform_target_method=box-cox, data_split_shuffle=True, data_split_stratify=False, fold_strategy=stratifiedkfold, fold=10, fold_shuffle=False, fold_groups=None, n_jobs=-1, use_gpu=False, custom_pipeline=None, html=True, session_id=123, log_experiment=False, experiment_name=None, log_plots=False, log_profile=False, log_data=False, silent=False, verbose=True, profile=False, profile_kwargs=None, display=None)
2021-10-19 20:43:57,295:INFO:Checking environment
2021-10-19 20:43:57,295:INFO:python_version: 3.8.8
2021-10-19 20:43:57,295:INFO:python_build: ('default', 'Apr 13 2021 15:08:03')
2021-10-19 20:43:57,295:INFO:machine: AMD64
2021-10-19 20:43:57,295:INFO:platform: Windows-10-10.0.19041-SP0
2021-10-19 20:43:57,295:INFO:Memory: svmem(total=21298556928, available=12259491840, percent=42.4, used=9039065088, free=12259491840)
2021-10-19 20:43:57,295:INFO:Physical Core: 4
2021-10-19 20:43:57,295:INFO:Logical Core: 8
2021-10-19 20:43:57,295:INFO:Checking libraries
2021-10-19 20:43:57,303:INFO:pd==1.2.4
2021-10-19 20:43:57,303:INFO:numpy==1.19.5
2021-10-19 20:43:57,303:INFO:sklearn==0.23.2
2021-10-19 20:43:57,303:INFO:lightgbm==3.2.1
2021-10-19 20:43:58,651:INFO:catboost==0.26
2021-10-19 20:43:59,328:INFO:xgboost==1.4.2
2021-10-19 20:44:04,599:INFO:mlflow==1.19.0
2021-10-19 20:44:04,599:INFO:Checking Exceptions
2021-10-19 20:44:04,599:INFO:Declaring global variables
2021-10-19 20:44:04,599:INFO:USI: e53a
2021-10-19 20:44:04,599:INFO:pycaret_globals: {'n_jobs_param', '_available_plots', 'data_before_preprocess', 'transform_target_method_param', 'X', 'X_train', 'prep_pipe', '_all_metrics', 'fold_groups_param_full', '_gpu_n_jobs_param', 'USI', 'html_param', 'logging_param', 'imputation_classifier', 'fold_groups_param', 'fix_imbalance_param', 'create_model_container', '_internal_pipeline', 'y_train', 'fold_generator', '_ml_usecase', 'experiment__', 'fix_imbalance_method_param', 'fold_shuffle_param', '_all_models', 'X_test', 'y', 'iterative_imputation_iters_param', 'fold_param', 'seed', 'log_plots_param', 'stratify_param', 'pycaret_globals', 'imputation_regressor', 'transform_target_param', '_all_models_internal', 'target_param', 'y_test', 'exp_name_log', 'display_container', 'gpu_param', 'master_model_container'}
2021-10-19 20:44:04,599:INFO:Preparing display monitor
2021-10-19 20:44:04,599:INFO:Preparing display monitor
2021-10-19 20:44:04,639:INFO:Importing libraries
2021-10-19 20:44:04,639:INFO:Copying data for preprocessing
2021-10-19 20:44:04,655:INFO:Declaring preprocessing parameters
2021-10-19 20:44:04,671:INFO:Creating preprocessing pipeline
2021-10-19 20:44:05,012:INFO:Preprocessing pipeline created successfully
2021-10-19 20:44:05,020:ERROR:(Process Exit): setup has been interupted with user command 'quit'. setup must rerun.
2021-10-19 20:44:05,020:INFO:Creating global containers
2021-10-19 20:44:05,070:INFO:Internal pipeline: Pipeline(memory=None, steps=[('empty_step', 'passthrough')], verbose=False)
2021-10-19 20:44:09,715:INFO:Creating grid variables
2021-10-19 20:44:09,827:INFO:create_model_container: 0
2021-10-19 20:44:09,827:INFO:master_model_container: 0
2021-10-19 20:44:09,827:INFO:display_container: 1
2021-10-19 20:44:09,827:INFO:Pipeline(memory=None,
         steps=[('dtypes',
                 DataTypes_Auto_infer(categorical_features=[],
                                      display_types=True, features_todrop=[],
                                      id_columns=[],
                                      ml_usecase='classification',
                                      numerical_features=[], target='Pega',
                                      time_features=[])),
                ('imputer',
                 Simple_Imputer(categorical_strategy='not_available',
                                fill_value_categorical=None,
                                fill_value_numerical=None,
                                numeric_strateg...
                ('scaling', 'passthrough'), ('P_transform', 'passthrough'),
                ('binn', 'passthrough'), ('rem_outliers', 'passthrough'),
                ('cluster_all', 'passthrough'),
                ('dummy', Dummify(target='Pega')),
                ('fix_perfect', Remove_100(target='Pega')),
                ('clean_names', Clean_Colum_Names()),
                ('feature_select', 'passthrough'), ('fix_multi', 'passthrough'),
                ('dfs', 'passthrough'), ('pca', 'passthrough')],
         verbose=False)
2021-10-19 20:44:09,827:INFO:setup() succesfully completed......................................
2021-10-19 20:44:33,602:INFO:Initializing compare_models()
2021-10-19 20:44:33,602:INFO:compare_models(include=None, fold=None, round=4, cross_validation=True, sort=Accuracy, n_select=1, budget_time=None, turbo=True, errors=ignore, fit_kwargs=None, groups=None, verbose=True, display=None, exclude=None)
2021-10-19 20:44:33,602:INFO:Checking exceptions
2021-10-19 20:44:33,602:INFO:Preparing display monitor
2021-10-19 20:44:33,602:INFO:Preparing display monitor
2021-10-19 20:44:33,639:INFO:Initializing Logistic Regression
2021-10-19 20:44:33,639:INFO:Total runtime is 0.0 minutes
2021-10-19 20:44:33,655:INFO:SubProcess create_model() called ==================================
2021-10-19 20:44:33,655:INFO:Initializing create_model()
2021-10-19 20:44:33,655:INFO:create_model(estimator=lr, fold=StratifiedKFold(n_splits=10, random_state=None, shuffle=False), round=4, cross_validation=True, predict=True, fit_kwargs={}, groups=None, refit=False, verbose=False, system=False, metrics=None, display=<pycaret.internal.Display.Display object at 0x000001EA62FA9FD0>, kwargs={})
2021-10-19 20:44:33,655:INFO:Checking exceptions
2021-10-19 20:44:33,655:INFO:Importing libraries
2021-10-19 20:44:33,655:INFO:Copying training dataset
2021-10-19 20:44:33,663:INFO:Defining folds
2021-10-19 20:44:33,663:INFO:Declaring metric variables
2021-10-19 20:44:33,679:INFO:Importing untrained model
2021-10-19 20:44:33,687:INFO:Logistic Regression Imported succesfully
2021-10-19 20:44:33,711:INFO:Starting cross validation
2021-10-19 20:44:33,711:INFO:Cross validating with StratifiedKFold(n_splits=10, random_state=None, shuffle=False), n_jobs=-1
2021-10-19 20:46:17,753:INFO:Calculating mean and std
2021-10-19 20:46:17,753:INFO:Creating metrics dataframe
2021-10-19 20:46:17,769:INFO:Uploading results into container
2021-10-19 20:46:17,769:INFO:Uploading model into container now
2021-10-19 20:46:17,769:INFO:create_model_container: 1
2021-10-19 20:46:17,769:INFO:master_model_container: 1
2021-10-19 20:46:17,769:INFO:display_container: 2
2021-10-19 20:46:17,769:INFO:LogisticRegression(C=1.0, class_weight=None, dual=False, fit_intercept=True,
                   intercept_scaling=1, l1_ratio=None, max_iter=1000,
                   multi_class='auto', n_jobs=None, penalty='l2',
                   random_state=123, solver='lbfgs', tol=0.0001, verbose=0,
                   warm_start=False)
2021-10-19 20:46:17,769:INFO:create_model() succesfully completed......................................
2021-10-19 20:46:18,305:INFO:SubProcess create_model() end ==================================
2021-10-19 20:46:18,305:INFO:Creating metrics dataframe
2021-10-19 20:46:18,337:INFO:Initializing K Neighbors Classifier
2021-10-19 20:46:18,337:INFO:Total runtime is 1.7449553847312926 minutes
2021-10-19 20:46:18,345:INFO:SubProcess create_model() called ==================================
2021-10-19 20:46:18,345:INFO:Initializing create_model()
2021-10-19 20:46:18,345:INFO:create_model(estimator=knn, fold=StratifiedKFold(n_splits=10, random_state=None, shuffle=False), round=4, cross_validation=True, predict=True, fit_kwargs={}, groups=None, refit=False, verbose=False, system=False, metrics=None, display=<pycaret.internal.Display.Display object at 0x000001EA62FA9FD0>, kwargs={})
2021-10-19 20:46:18,345:INFO:Checking exceptions
2021-10-19 20:46:18,345:INFO:Importing libraries
2021-10-19 20:46:18,345:INFO:Copying training dataset
2021-10-19 20:46:18,353:INFO:Defining folds
2021-10-19 20:46:18,353:INFO:Declaring metric variables
2021-10-19 20:46:18,369:INFO:Importing untrained model
2021-10-19 20:46:18,385:INFO:K Neighbors Classifier Imported succesfully
2021-10-19 20:46:18,409:INFO:Starting cross validation
2021-10-19 20:46:18,409:INFO:Cross validating with StratifiedKFold(n_splits=10, random_state=None, shuffle=False), n_jobs=-1
2021-10-19 20:46:28,682:INFO:Calculating mean and std
2021-10-19 20:46:28,682:INFO:Creating metrics dataframe
2021-10-19 20:46:28,698:INFO:Uploading results into container
2021-10-19 20:46:28,698:INFO:Uploading model into container now
2021-10-19 20:46:28,698:INFO:create_model_container: 2
2021-10-19 20:46:28,698:INFO:master_model_container: 2
2021-10-19 20:46:28,698:INFO:display_container: 2
2021-10-19 20:46:28,698:INFO:KNeighborsClassifier(algorithm='auto', leaf_size=30, metric='minkowski',
                     metric_params=None, n_jobs=-1, n_neighbors=5, p=2,
                     weights='uniform')
2021-10-19 20:46:28,698:INFO:create_model() succesfully completed......................................
2021-10-19 20:46:29,191:INFO:SubProcess create_model() end ==================================
2021-10-19 20:46:29,191:INFO:Creating metrics dataframe
2021-10-19 20:46:29,225:INFO:Initializing Naive Bayes
2021-10-19 20:46:29,225:INFO:Total runtime is 1.926435327529907 minutes
2021-10-19 20:46:29,238:INFO:SubProcess create_model() called ==================================
2021-10-19 20:46:29,238:INFO:Initializing create_model()
2021-10-19 20:46:29,238:INFO:create_model(estimator=nb, fold=StratifiedKFold(n_splits=10, random_state=None, shuffle=False), round=4, cross_validation=True, predict=True, fit_kwargs={}, groups=None, refit=False, verbose=False, system=False, metrics=None, display=<pycaret.internal.Display.Display object at 0x000001EA62FA9FD0>, kwargs={})
2021-10-19 20:46:29,238:INFO:Checking exceptions
2021-10-19 20:46:29,238:INFO:Importing libraries
2021-10-19 20:46:29,238:INFO:Copying training dataset
2021-10-19 20:46:29,246:INFO:Defining folds
2021-10-19 20:46:29,246:INFO:Declaring metric variables
2021-10-19 20:46:29,262:INFO:Importing untrained model
2021-10-19 20:46:29,270:INFO:Naive Bayes Imported succesfully
2021-10-19 20:46:29,302:INFO:Starting cross validation
2021-10-19 20:46:29,302:INFO:Cross validating with StratifiedKFold(n_splits=10, random_state=None, shuffle=False), n_jobs=-1
2021-10-19 20:46:29,949:INFO:Calculating mean and std
2021-10-19 20:46:29,949:INFO:Creating metrics dataframe
2021-10-19 20:46:29,965:INFO:Uploading results into container
2021-10-19 20:46:29,965:INFO:Uploading model into container now
2021-10-19 20:46:29,965:INFO:create_model_container: 3
2021-10-19 20:46:29,965:INFO:master_model_container: 3
2021-10-19 20:46:29,965:INFO:display_container: 2
2021-10-19 20:46:29,965:INFO:GaussianNB(priors=None, var_smoothing=1e-09)
2021-10-19 20:46:29,965:INFO:create_model() succesfully completed......................................
2021-10-19 20:46:30,459:INFO:SubProcess create_model() end ==================================
2021-10-19 20:46:30,459:INFO:Creating metrics dataframe
2021-10-19 20:46:30,490:INFO:Initializing Decision Tree Classifier
2021-10-19 20:46:30,490:INFO:Total runtime is 1.9475160400072733 minutes
2021-10-19 20:46:30,498:INFO:SubProcess create_model() called ==================================
2021-10-19 20:46:30,498:INFO:Initializing create_model()
2021-10-19 20:46:30,498:INFO:create_model(estimator=dt, fold=StratifiedKFold(n_splits=10, random_state=None, shuffle=False), round=4, cross_validation=True, predict=True, fit_kwargs={}, groups=None, refit=False, verbose=False, system=False, metrics=None, display=<pycaret.internal.Display.Display object at 0x000001EA62FA9FD0>, kwargs={})
2021-10-19 20:46:30,498:INFO:Checking exceptions
2021-10-19 20:46:30,498:INFO:Importing libraries
2021-10-19 20:46:30,498:INFO:Copying training dataset
2021-10-19 20:46:30,509:INFO:Defining folds
2021-10-19 20:46:30,509:INFO:Declaring metric variables
2021-10-19 20:46:30,519:INFO:Importing untrained model
2021-10-19 20:46:30,537:INFO:Decision Tree Classifier Imported succesfully
2021-10-19 20:46:30,561:INFO:Starting cross validation
2021-10-19 20:46:30,561:INFO:Cross validating with StratifiedKFold(n_splits=10, random_state=None, shuffle=False), n_jobs=-1
2021-10-19 20:46:34,906:INFO:Calculating mean and std
2021-10-19 20:46:34,906:INFO:Creating metrics dataframe
2021-10-19 20:46:34,930:INFO:Uploading results into container
2021-10-19 20:46:34,930:INFO:Uploading model into container now
2021-10-19 20:46:34,930:INFO:create_model_container: 4
2021-10-19 20:46:34,930:INFO:master_model_container: 4
2021-10-19 20:46:34,930:INFO:display_container: 2
2021-10-19 20:46:34,930:INFO:DecisionTreeClassifier(ccp_alpha=0.0, class_weight=None, criterion='gini',
                       max_depth=None, max_features=None, max_leaf_nodes=None,
                       min_impurity_decrease=0.0, min_impurity_split=None,
                       min_samples_leaf=1, min_samples_split=2,
                       min_weight_fraction_leaf=0.0, presort='deprecated',
                       random_state=123, splitter='best')
2021-10-19 20:46:34,930:INFO:create_model() succesfully completed......................................
2021-10-19 20:46:35,440:INFO:SubProcess create_model() end ==================================
2021-10-19 20:46:35,440:INFO:Creating metrics dataframe
2021-10-19 20:46:35,479:INFO:Initializing SVM - Linear Kernel
2021-10-19 20:46:35,479:INFO:Total runtime is 2.0306686679522197 minutes
2021-10-19 20:46:35,490:INFO:SubProcess create_model() called ==================================
2021-10-19 20:46:35,498:INFO:Initializing create_model()
2021-10-19 20:46:35,498:INFO:create_model(estimator=svm, fold=StratifiedKFold(n_splits=10, random_state=None, shuffle=False), round=4, cross_validation=True, predict=True, fit_kwargs={}, groups=None, refit=False, verbose=False, system=False, metrics=None, display=<pycaret.internal.Display.Display object at 0x000001EA62FA9FD0>, kwargs={})
2021-10-19 20:46:35,498:INFO:Checking exceptions
2021-10-19 20:46:35,498:INFO:Importing libraries
2021-10-19 20:46:35,498:INFO:Copying training dataset
2021-10-19 20:46:35,506:INFO:Defining folds
2021-10-19 20:46:35,506:INFO:Declaring metric variables
2021-10-19 20:46:35,524:INFO:Importing untrained model
2021-10-19 20:46:35,541:INFO:SVM - Linear Kernel Imported succesfully
2021-10-19 20:46:35,573:INFO:Starting cross validation
2021-10-19 20:46:35,581:INFO:Cross validating with StratifiedKFold(n_splits=10, random_state=None, shuffle=False), n_jobs=-1
2021-10-19 20:47:00,172:INFO:Calculating mean and std
2021-10-19 20:47:00,172:INFO:Creating metrics dataframe
2021-10-19 20:47:00,180:INFO:Uploading results into container
2021-10-19 20:47:00,180:INFO:Uploading model into container now
2021-10-19 20:47:00,180:INFO:create_model_container: 5
2021-10-19 20:47:00,180:INFO:master_model_container: 5
2021-10-19 20:47:00,180:INFO:display_container: 2
2021-10-19 20:47:00,180:INFO:SGDClassifier(alpha=0.0001, average=False, class_weight=None,
              early_stopping=False, epsilon=0.1, eta0=0.001, fit_intercept=True,
              l1_ratio=0.15, learning_rate='optimal', loss='hinge',
              max_iter=1000, n_iter_no_change=5, n_jobs=-1, penalty='l2',
              power_t=0.5, random_state=123, shuffle=True, tol=0.001,
              validation_fraction=0.1, verbose=0, warm_start=False)
2021-10-19 20:47:00,180:INFO:create_model() succesfully completed......................................
2021-10-19 20:47:00,654:INFO:SubProcess create_model() end ==================================
2021-10-19 20:47:00,662:INFO:Creating metrics dataframe
2021-10-19 20:47:00,686:INFO:Initializing Ridge Classifier
2021-10-19 20:47:00,686:INFO:Total runtime is 2.450784166653951 minutes
2021-10-19 20:47:00,702:INFO:SubProcess create_model() called ==================================
2021-10-19 20:47:00,702:INFO:Initializing create_model()
2021-10-19 20:47:00,702:INFO:create_model(estimator=ridge, fold=StratifiedKFold(n_splits=10, random_state=None, shuffle=False), round=4, cross_validation=True, predict=True, fit_kwargs={}, groups=None, refit=False, verbose=False, system=False, metrics=None, display=<pycaret.internal.Display.Display object at 0x000001EA62FA9FD0>, kwargs={})
2021-10-19 20:47:00,702:INFO:Checking exceptions
2021-10-19 20:47:00,702:INFO:Importing libraries
2021-10-19 20:47:00,702:INFO:Copying training dataset
2021-10-19 20:47:00,710:INFO:Defining folds
2021-10-19 20:47:00,710:INFO:Declaring metric variables
2021-10-19 20:47:00,718:INFO:Importing untrained model
2021-10-19 20:47:00,734:INFO:Ridge Classifier Imported succesfully
2021-10-19 20:47:00,758:INFO:Starting cross validation
2021-10-19 20:47:00,758:INFO:Cross validating with StratifiedKFold(n_splits=10, random_state=None, shuffle=False), n_jobs=-1
2021-10-19 20:47:01,738:INFO:Calculating mean and std
2021-10-19 20:47:01,738:INFO:Creating metrics dataframe
2021-10-19 20:47:01,753:INFO:Uploading results into container
2021-10-19 20:47:01,753:INFO:Uploading model into container now
2021-10-19 20:47:01,753:INFO:create_model_container: 6
2021-10-19 20:47:01,761:INFO:master_model_container: 6
2021-10-19 20:47:01,761:INFO:display_container: 2
2021-10-19 20:47:01,761:INFO:RidgeClassifier(alpha=1.0, class_weight=None, copy_X=True, fit_intercept=True,
                max_iter=None, normalize=False, random_state=123, solver='auto',
                tol=0.001)
2021-10-19 20:47:01,761:INFO:create_model() succesfully completed......................................
2021-10-19 20:47:02,241:INFO:SubProcess create_model() end ==================================
2021-10-19 20:47:02,241:INFO:Creating metrics dataframe
2021-10-19 20:47:02,279:INFO:Initializing Random Forest Classifier
2021-10-19 20:47:02,279:INFO:Total runtime is 2.477320452531179 minutes
2021-10-19 20:47:02,286:INFO:SubProcess create_model() called ==================================
2021-10-19 20:47:02,286:INFO:Initializing create_model()
2021-10-19 20:47:02,286:INFO:create_model(estimator=rf, fold=StratifiedKFold(n_splits=10, random_state=None, shuffle=False), round=4, cross_validation=True, predict=True, fit_kwargs={}, groups=None, refit=False, verbose=False, system=False, metrics=None, display=<pycaret.internal.Display.Display object at 0x000001EA62FA9FD0>, kwargs={})
2021-10-19 20:47:02,286:INFO:Checking exceptions
2021-10-19 20:47:02,286:INFO:Importing libraries
2021-10-19 20:47:02,286:INFO:Copying training dataset
2021-10-19 20:47:02,296:INFO:Defining folds
2021-10-19 20:47:02,296:INFO:Declaring metric variables
2021-10-19 20:47:02,307:INFO:Importing untrained model
2021-10-19 20:47:02,323:INFO:Random Forest Classifier Imported succesfully
2021-10-19 20:47:02,347:INFO:Starting cross validation
2021-10-19 20:47:02,347:INFO:Cross validating with StratifiedKFold(n_splits=10, random_state=None, shuffle=False), n_jobs=-1
2021-10-19 20:47:45,874:INFO:Calculating mean and std
2021-10-19 20:47:45,874:INFO:Creating metrics dataframe
2021-10-19 20:47:45,874:INFO:Uploading results into container
2021-10-19 20:47:45,874:INFO:Uploading model into container now
2021-10-19 20:47:45,874:INFO:create_model_container: 7
2021-10-19 20:47:45,874:INFO:master_model_container: 7
2021-10-19 20:47:45,874:INFO:display_container: 2
2021-10-19 20:47:45,874:INFO:RandomForestClassifier(bootstrap=True, ccp_alpha=0.0, class_weight=None,
                       criterion='gini', max_depth=None, max_features='auto',
                       max_leaf_nodes=None, max_samples=None,
                       min_impurity_decrease=0.0, min_impurity_split=None,
                       min_samples_leaf=1, min_samples_split=2,
                       min_weight_fraction_leaf=0.0, n_estimators=100,
                       n_jobs=-1, oob_score=False, random_state=123, verbose=0,
                       warm_start=False)
2021-10-19 20:47:45,874:INFO:create_model() succesfully completed......................................
2021-10-19 20:47:46,339:INFO:SubProcess create_model() end ==================================
2021-10-19 20:47:46,339:INFO:Creating metrics dataframe
2021-10-19 20:47:46,375:INFO:Initializing Quadratic Discriminant Analysis
2021-10-19 20:47:46,375:INFO:Total runtime is 3.2122685035069782 minutes
2021-10-19 20:47:46,383:INFO:SubProcess create_model() called ==================================
2021-10-19 20:47:46,383:INFO:Initializing create_model()
2021-10-19 20:47:46,383:INFO:create_model(estimator=qda, fold=StratifiedKFold(n_splits=10, random_state=None, shuffle=False), round=4, cross_validation=True, predict=True, fit_kwargs={}, groups=None, refit=False, verbose=False, system=False, metrics=None, display=<pycaret.internal.Display.Display object at 0x000001EA62FA9FD0>, kwargs={})
2021-10-19 20:47:46,383:INFO:Checking exceptions
2021-10-19 20:47:46,383:INFO:Importing libraries
2021-10-19 20:47:46,383:INFO:Copying training dataset
2021-10-19 20:47:46,391:INFO:Defining folds
2021-10-19 20:47:46,391:INFO:Declaring metric variables
2021-10-19 20:47:46,407:INFO:Importing untrained model
2021-10-19 20:47:46,415:INFO:Quadratic Discriminant Analysis Imported succesfully
2021-10-19 20:47:46,447:INFO:Starting cross validation
2021-10-19 20:47:46,447:INFO:Cross validating with StratifiedKFold(n_splits=10, random_state=None, shuffle=False), n_jobs=-1
2021-10-19 20:47:48,752:INFO:Calculating mean and std
2021-10-19 20:47:48,752:INFO:Creating metrics dataframe
2021-10-19 20:47:48,767:INFO:Uploading results into container
2021-10-19 20:47:48,767:INFO:Uploading model into container now
2021-10-19 20:47:48,767:INFO:create_model_container: 8
2021-10-19 20:47:48,767:INFO:master_model_container: 8
2021-10-19 20:47:48,767:INFO:display_container: 2
2021-10-19 20:47:48,767:INFO:QuadraticDiscriminantAnalysis(priors=None, reg_param=0.0,
                              store_covariance=False, tol=0.0001)
2021-10-19 20:47:48,767:INFO:create_model() succesfully completed......................................
2021-10-19 20:47:49,244:INFO:SubProcess create_model() end ==================================
2021-10-19 20:47:49,244:INFO:Creating metrics dataframe
2021-10-19 20:47:49,276:INFO:Initializing Ada Boost Classifier
2021-10-19 20:47:49,276:INFO:Total runtime is 3.260607862472534 minutes
2021-10-19 20:47:49,294:INFO:SubProcess create_model() called ==================================
2021-10-19 20:47:49,294:INFO:Initializing create_model()
2021-10-19 20:47:49,294:INFO:create_model(estimator=ada, fold=StratifiedKFold(n_splits=10, random_state=None, shuffle=False), round=4, cross_validation=True, predict=True, fit_kwargs={}, groups=None, refit=False, verbose=False, system=False, metrics=None, display=<pycaret.internal.Display.Display object at 0x000001EA62FA9FD0>, kwargs={})
2021-10-19 20:47:49,294:INFO:Checking exceptions
2021-10-19 20:47:49,294:INFO:Importing libraries
2021-10-19 20:47:49,294:INFO:Copying training dataset
2021-10-19 20:47:49,294:INFO:Defining folds
2021-10-19 20:47:49,294:INFO:Declaring metric variables
2021-10-19 20:47:49,310:INFO:Importing untrained model
2021-10-19 20:47:49,318:INFO:Ada Boost Classifier Imported succesfully
2021-10-19 20:47:49,350:INFO:Starting cross validation
2021-10-19 20:47:49,350:INFO:Cross validating with StratifiedKFold(n_splits=10, random_state=None, shuffle=False), n_jobs=-1
2021-10-19 20:48:17,174:INFO:Calculating mean and std
2021-10-19 20:48:17,174:INFO:Creating metrics dataframe
2021-10-19 20:48:17,182:INFO:Uploading results into container
2021-10-19 20:48:17,182:INFO:Uploading model into container now
2021-10-19 20:48:17,182:INFO:create_model_container: 9
2021-10-19 20:48:17,190:INFO:master_model_container: 9
2021-10-19 20:48:17,190:INFO:display_container: 2
2021-10-19 20:48:17,190:INFO:AdaBoostClassifier(algorithm='SAMME.R', base_estimator=None, learning_rate=1.0,
                   n_estimators=50, random_state=123)
2021-10-19 20:48:17,190:INFO:create_model() succesfully completed......................................
2021-10-19 20:48:17,715:INFO:SubProcess create_model() end ==================================
2021-10-19 20:48:17,715:INFO:Creating metrics dataframe
2021-10-19 20:48:17,755:INFO:Initializing Gradient Boosting Classifier
2021-10-19 20:48:17,755:INFO:Total runtime is 3.7352646907170612 minutes
2021-10-19 20:48:17,771:INFO:SubProcess create_model() called ==================================
2021-10-19 20:48:17,771:INFO:Initializing create_model()
2021-10-19 20:48:17,771:INFO:create_model(estimator=gbc, fold=StratifiedKFold(n_splits=10, random_state=None, shuffle=False), round=4, cross_validation=True, predict=True, fit_kwargs={}, groups=None, refit=False, verbose=False, system=False, metrics=None, display=<pycaret.internal.Display.Display object at 0x000001EA62FA9FD0>, kwargs={})
2021-10-19 20:48:17,771:INFO:Checking exceptions
2021-10-19 20:48:17,771:INFO:Importing libraries
2021-10-19 20:48:17,771:INFO:Copying training dataset
2021-10-19 20:48:17,779:INFO:Defining folds
2021-10-19 20:48:17,779:INFO:Declaring metric variables
2021-10-19 20:48:17,787:INFO:Importing untrained model
2021-10-19 20:48:17,795:INFO:Gradient Boosting Classifier Imported succesfully
2021-10-19 20:48:17,819:INFO:Starting cross validation
2021-10-19 20:48:17,819:INFO:Cross validating with StratifiedKFold(n_splits=10, random_state=None, shuffle=False), n_jobs=-1
2021-10-19 20:50:12,601:INFO:Calculating mean and std
2021-10-19 20:50:12,601:INFO:Creating metrics dataframe
2021-10-19 20:50:12,619:INFO:Uploading results into container
2021-10-19 20:50:12,619:INFO:Uploading model into container now
2021-10-19 20:50:12,619:INFO:create_model_container: 10
2021-10-19 20:50:12,619:INFO:master_model_container: 10
2021-10-19 20:50:12,619:INFO:display_container: 2
2021-10-19 20:50:12,619:INFO:GradientBoostingClassifier(ccp_alpha=0.0, criterion='friedman_mse', init=None,
                           learning_rate=0.1, loss='deviance', max_depth=3,
                           max_features=None, max_leaf_nodes=None,
                           min_impurity_decrease=0.0, min_impurity_split=None,
                           min_samples_leaf=1, min_samples_split=2,
                           min_weight_fraction_leaf=0.0, n_estimators=100,
                           n_iter_no_change=None, presort='deprecated',
                           random_state=123, subsample=1.0, tol=0.0001,
                           validation_fraction=0.1, verbose=0,
                           warm_start=False)
2021-10-19 20:50:12,619:INFO:create_model() succesfully completed......................................
2021-10-19 20:50:13,110:INFO:SubProcess create_model() end ==================================
2021-10-19 20:50:13,110:INFO:Creating metrics dataframe
2021-10-19 20:50:13,141:INFO:Initializing Linear Discriminant Analysis
2021-10-19 20:50:13,141:INFO:Total runtime is 5.658365205923716 minutes
2021-10-19 20:50:13,155:INFO:SubProcess create_model() called ==================================
2021-10-19 20:50:13,159:INFO:Initializing create_model()
2021-10-19 20:50:13,159:INFO:create_model(estimator=lda, fold=StratifiedKFold(n_splits=10, random_state=None, shuffle=False), round=4, cross_validation=True, predict=True, fit_kwargs={}, groups=None, refit=False, verbose=False, system=False, metrics=None, display=<pycaret.internal.Display.Display object at 0x000001EA62FA9FD0>, kwargs={})
2021-10-19 20:50:13,159:INFO:Checking exceptions
2021-10-19 20:50:13,159:INFO:Importing libraries
2021-10-19 20:50:13,159:INFO:Copying training dataset
2021-10-19 20:50:13,159:INFO:Defining folds
2021-10-19 20:50:13,159:INFO:Declaring metric variables
2021-10-19 20:50:13,175:INFO:Importing untrained model
2021-10-19 20:50:13,191:INFO:Linear Discriminant Analysis Imported succesfully
2021-10-19 20:50:13,215:INFO:Starting cross validation
2021-10-19 20:50:13,215:INFO:Cross validating with StratifiedKFold(n_splits=10, random_state=None, shuffle=False), n_jobs=-1
2021-10-19 20:50:16,048:INFO:Calculating mean and std
2021-10-19 20:50:16,048:INFO:Creating metrics dataframe
2021-10-19 20:50:16,050:INFO:Uploading results into container
2021-10-19 20:50:16,050:INFO:Uploading model into container now
2021-10-19 20:50:16,050:INFO:create_model_container: 11
2021-10-19 20:50:16,050:INFO:master_model_container: 11
2021-10-19 20:50:16,050:INFO:display_container: 2
2021-10-19 20:50:16,050:INFO:LinearDiscriminantAnalysis(n_components=None, priors=None, shrinkage=None,
                           solver='svd', store_covariance=False, tol=0.0001)
2021-10-19 20:50:16,050:INFO:create_model() succesfully completed......................................
2021-10-19 20:50:16,468:INFO:SubProcess create_model() end ==================================
2021-10-19 20:50:16,468:INFO:Creating metrics dataframe
2021-10-19 20:50:16,508:INFO:Initializing Extra Trees Classifier
2021-10-19 20:50:16,508:INFO:Total runtime is 5.714470116297404 minutes
2021-10-19 20:50:16,515:INFO:SubProcess create_model() called ==================================
2021-10-19 20:50:16,515:INFO:Initializing create_model()
2021-10-19 20:50:16,515:INFO:create_model(estimator=et, fold=StratifiedKFold(n_splits=10, random_state=None, shuffle=False), round=4, cross_validation=True, predict=True, fit_kwargs={}, groups=None, refit=False, verbose=False, system=False, metrics=None, display=<pycaret.internal.Display.Display object at 0x000001EA62FA9FD0>, kwargs={})
2021-10-19 20:50:16,515:INFO:Checking exceptions
2021-10-19 20:50:16,515:INFO:Importing libraries
2021-10-19 20:50:16,515:INFO:Copying training dataset
2021-10-19 20:50:16,523:INFO:Defining folds
2021-10-19 20:50:16,523:INFO:Declaring metric variables
2021-10-19 20:50:16,531:INFO:Importing untrained model
2021-10-19 20:50:16,547:INFO:Extra Trees Classifier Imported succesfully
2021-10-19 20:50:16,579:INFO:Starting cross validation
2021-10-19 20:50:16,587:INFO:Cross validating with StratifiedKFold(n_splits=10, random_state=None, shuffle=False), n_jobs=-1
2021-10-19 20:50:45,729:INFO:Calculating mean and std
2021-10-19 20:50:45,729:INFO:Creating metrics dataframe
2021-10-19 20:50:45,733:INFO:Uploading results into container
2021-10-19 20:50:45,733:INFO:Uploading model into container now
2021-10-19 20:50:45,733:INFO:create_model_container: 12
2021-10-19 20:50:45,733:INFO:master_model_container: 12
2021-10-19 20:50:45,733:INFO:display_container: 2
2021-10-19 20:50:45,733:INFO:ExtraTreesClassifier(bootstrap=False, ccp_alpha=0.0, class_weight=None,
                     criterion='gini', max_depth=None, max_features='auto',
                     max_leaf_nodes=None, max_samples=None,
                     min_impurity_decrease=0.0, min_impurity_split=None,
                     min_samples_leaf=1, min_samples_split=2,
                     min_weight_fraction_leaf=0.0, n_estimators=100, n_jobs=-1,
                     oob_score=False, random_state=123, verbose=0,
                     warm_start=False)
2021-10-19 20:50:45,733:INFO:create_model() succesfully completed......................................
2021-10-19 20:50:46,154:INFO:SubProcess create_model() end ==================================
2021-10-19 20:50:46,154:INFO:Creating metrics dataframe
2021-10-19 20:50:46,188:INFO:Initializing Extreme Gradient Boosting
2021-10-19 20:50:46,188:INFO:Total runtime is 6.209152019023896 minutes
2021-10-19 20:50:46,203:INFO:SubProcess create_model() called ==================================
2021-10-19 20:50:46,203:INFO:Initializing create_model()
2021-10-19 20:50:46,203:INFO:create_model(estimator=xgboost, fold=StratifiedKFold(n_splits=10, random_state=None, shuffle=False), round=4, cross_validation=True, predict=True, fit_kwargs={}, groups=None, refit=False, verbose=False, system=False, metrics=None, display=<pycaret.internal.Display.Display object at 0x000001EA62FA9FD0>, kwargs={})
2021-10-19 20:50:46,203:INFO:Checking exceptions
2021-10-19 20:50:46,203:INFO:Importing libraries
2021-10-19 20:50:46,203:INFO:Copying training dataset
2021-10-19 20:50:46,203:INFO:Defining folds
2021-10-19 20:50:46,203:INFO:Declaring metric variables
2021-10-19 20:50:46,221:INFO:Importing untrained model
2021-10-19 20:50:46,229:INFO:Extreme Gradient Boosting Imported succesfully
2021-10-19 20:50:46,261:INFO:Starting cross validation
2021-10-19 20:50:46,264:INFO:Cross validating with StratifiedKFold(n_splits=10, random_state=None, shuffle=False), n_jobs=-1
2021-10-19 20:52:19,233:INFO:Calculating mean and std
2021-10-19 20:52:19,233:INFO:Creating metrics dataframe
2021-10-19 20:52:19,235:INFO:Uploading results into container
2021-10-19 20:52:19,235:INFO:Uploading model into container now
2021-10-19 20:52:19,235:INFO:create_model_container: 13
2021-10-19 20:52:19,235:INFO:master_model_container: 13
2021-10-19 20:52:19,235:INFO:display_container: 2
2021-10-19 20:52:19,235:INFO:XGBClassifier(base_score=None, booster='gbtree', colsample_bylevel=None,
              colsample_bynode=None, colsample_bytree=None, gamma=None,
              gpu_id=None, importance_type='gain', interaction_constraints=None,
              learning_rate=None, max_delta_step=None, max_depth=None,
              min_child_weight=None, missing=nan, monotone_constraints=None,
              n_estimators=100, n_jobs=-1, num_parallel_tree=None,
              objective='binary:logistic', random_state=123, reg_alpha=None,
              reg_lambda=None, scale_pos_weight=None, subsample=None,
              tree_method='auto', use_label_encoder=True,
              validate_parameters=None, verbosity=0)
2021-10-19 20:52:19,235:INFO:create_model() succesfully completed......................................
2021-10-19 20:52:19,640:INFO:SubProcess create_model() end ==================================
2021-10-19 20:52:19,640:INFO:Creating metrics dataframe
2021-10-19 20:52:19,668:INFO:Initializing Light Gradient Boosting Machine
2021-10-19 20:52:19,668:INFO:Total runtime is 7.7671478668848675 minutes
2021-10-19 20:52:19,687:INFO:SubProcess create_model() called ==================================
2021-10-19 20:52:19,687:INFO:Initializing create_model()
2021-10-19 20:52:19,688:INFO:create_model(estimator=lightgbm, fold=StratifiedKFold(n_splits=10, random_state=None, shuffle=False), round=4, cross_validation=True, predict=True, fit_kwargs={}, groups=None, refit=False, verbose=False, system=False, metrics=None, display=<pycaret.internal.Display.Display object at 0x000001EA62FA9FD0>, kwargs={})
2021-10-19 20:52:19,688:INFO:Checking exceptions
2021-10-19 20:52:19,688:INFO:Importing libraries
2021-10-19 20:52:19,688:INFO:Copying training dataset
2021-10-19 20:52:19,691:INFO:Defining folds
2021-10-19 20:52:19,691:INFO:Declaring metric variables
2021-10-19 20:52:19,699:INFO:Importing untrained model
2021-10-19 20:52:19,715:INFO:Light Gradient Boosting Machine Imported succesfully
2021-10-19 20:52:19,747:INFO:Starting cross validation
2021-10-19 20:52:19,755:INFO:Cross validating with StratifiedKFold(n_splits=10, random_state=None, shuffle=False), n_jobs=-1
2021-10-19 20:52:27,904:INFO:Calculating mean and std
2021-10-19 20:52:27,904:INFO:Creating metrics dataframe
2021-10-19 20:52:27,906:INFO:Uploading results into container
2021-10-19 20:52:27,906:INFO:Uploading model into container now
2021-10-19 20:52:27,906:INFO:create_model_container: 14
2021-10-19 20:52:27,906:INFO:master_model_container: 14
2021-10-19 20:52:27,906:INFO:display_container: 2
2021-10-19 20:52:27,906:INFO:LGBMClassifier(boosting_type='gbdt', class_weight=None, colsample_bytree=1.0,
               importance_type='split', learning_rate=0.1, max_depth=-1,
               min_child_samples=20, min_child_weight=0.001, min_split_gain=0.0,
               n_estimators=100, n_jobs=-1, num_leaves=31, objective=None,
               random_state=123, reg_alpha=0.0, reg_lambda=0.0, silent=True,
               subsample=1.0, subsample_for_bin=200000, subsample_freq=0)
2021-10-19 20:52:27,906:INFO:create_model() succesfully completed......................................
2021-10-19 20:52:28,319:INFO:SubProcess create_model() end ==================================
2021-10-19 20:52:28,319:INFO:Creating metrics dataframe
2021-10-19 20:52:28,342:INFO:Initializing CatBoost Classifier
2021-10-19 20:52:28,342:INFO:Total runtime is 7.911704281965892 minutes
2021-10-19 20:52:28,360:INFO:SubProcess create_model() called ==================================
2021-10-19 20:52:28,360:INFO:Initializing create_model()
2021-10-19 20:52:28,360:INFO:create_model(estimator=catboost, fold=StratifiedKFold(n_splits=10, random_state=None, shuffle=False), round=4, cross_validation=True, predict=True, fit_kwargs={}, groups=None, refit=False, verbose=False, system=False, metrics=None, display=<pycaret.internal.Display.Display object at 0x000001EA62FA9FD0>, kwargs={})
2021-10-19 20:52:28,360:INFO:Checking exceptions
2021-10-19 20:52:28,360:INFO:Importing libraries
2021-10-19 20:52:28,360:INFO:Copying training dataset
2021-10-19 20:52:28,368:INFO:Defining folds
2021-10-19 20:52:28,368:INFO:Declaring metric variables
2021-10-19 20:52:28,380:INFO:Importing untrained model
2021-10-19 20:52:28,400:INFO:CatBoost Classifier Imported succesfully
2021-10-19 20:52:28,432:INFO:Starting cross validation
2021-10-19 20:52:28,432:INFO:Cross validating with StratifiedKFold(n_splits=10, random_state=None, shuffle=False), n_jobs=-1
2021-10-19 20:56:14,409:INFO:Calculating mean and std
2021-10-19 20:56:14,409:INFO:Creating metrics dataframe
2021-10-19 20:56:14,417:INFO:Uploading results into container
2021-10-19 20:56:14,417:INFO:Uploading model into container now
2021-10-19 20:56:14,417:INFO:create_model_container: 15
2021-10-19 20:56:14,417:INFO:master_model_container: 15
2021-10-19 20:56:14,417:INFO:display_container: 2
2021-10-19 20:56:14,417:INFO:<catboost.core.CatBoostClassifier object at 0x000001EA012E4460>
2021-10-19 20:56:14,417:INFO:create_model() succesfully completed......................................
2021-10-19 20:56:14,950:INFO:SubProcess create_model() end ==================================
2021-10-19 20:56:14,950:INFO:Creating metrics dataframe
2021-10-19 20:56:15,014:INFO:Initializing create_model()
2021-10-19 20:56:15,014:INFO:create_model(estimator=ExtraTreesClassifier(bootstrap=False, ccp_alpha=0.0, class_weight=None,
                     criterion='gini', max_depth=None, max_features='auto',
                     max_leaf_nodes=None, max_samples=None,
                     min_impurity_decrease=0.0, min_impurity_split=None,
                     min_samples_leaf=1, min_samples_split=2,
                     min_weight_fraction_leaf=0.0, n_estimators=100, n_jobs=-1,
                     oob_score=False, random_state=123, verbose=0,
                     warm_start=False), fold=StratifiedKFold(n_splits=10, random_state=None, shuffle=False), round=4, cross_validation=False, predict=False, fit_kwargs={}, groups=None, refit=True, verbose=False, system=False, metrics=None, display=None, kwargs={})
2021-10-19 20:56:15,014:INFO:Checking exceptions
2021-10-19 20:56:15,022:INFO:Importing libraries
2021-10-19 20:56:15,022:INFO:Copying training dataset
2021-10-19 20:56:15,022:INFO:Defining folds
2021-10-19 20:56:15,022:INFO:Declaring metric variables
2021-10-19 20:56:15,022:INFO:Importing untrained model
2021-10-19 20:56:15,022:INFO:Declaring custom model
2021-10-19 20:56:15,022:INFO:Extra Trees Classifier Imported succesfully
2021-10-19 20:56:15,030:INFO:Cross validation set to False
2021-10-19 20:56:15,030:INFO:Fitting Model
2021-10-19 20:56:18,546:INFO:ExtraTreesClassifier(bootstrap=False, ccp_alpha=0.0, class_weight=None,
                     criterion='gini', max_depth=None, max_features='auto',
                     max_leaf_nodes=None, max_samples=None,
                     min_impurity_decrease=0.0, min_impurity_split=None,
                     min_samples_leaf=1, min_samples_split=2,
                     min_weight_fraction_leaf=0.0, n_estimators=100, n_jobs=-1,
                     oob_score=False, random_state=123, verbose=0,
                     warm_start=False)
2021-10-19 20:56:18,546:INFO:create_models() succesfully completed......................................
2021-10-19 20:56:19,035:INFO:create_model_container: 15
2021-10-19 20:56:19,035:INFO:master_model_container: 15
2021-10-19 20:56:19,035:INFO:display_container: 2
2021-10-19 20:56:19,035:INFO:ExtraTreesClassifier(bootstrap=False, ccp_alpha=0.0, class_weight=None,
                     criterion='gini', max_depth=None, max_features='auto',
                     max_leaf_nodes=None, max_samples=None,
                     min_impurity_decrease=0.0, min_impurity_split=None,
                     min_samples_leaf=1, min_samples_split=2,
                     min_weight_fraction_leaf=0.0, n_estimators=100, n_jobs=-1,
                     oob_score=False, random_state=123, verbose=0,
                     warm_start=False)
2021-10-19 20:56:19,035:INFO:compare_models() succesfully completed......................................
2021-10-19 20:56:56,465:INFO:Initializing create_model()
2021-10-19 20:56:56,465:INFO:create_model(estimator=et, fold=None, round=4, cross_validation=True, predict=True, fit_kwargs=None, groups=None, refit=True, verbose=True, system=True, metrics=None, display=None, kwargs={})
2021-10-19 20:56:56,465:INFO:Checking exceptions
2021-10-19 20:56:56,465:INFO:Preparing display monitor
2021-10-19 20:56:56,491:INFO:Importing libraries
2021-10-19 20:56:56,491:INFO:Copying training dataset
2021-10-19 20:56:56,499:INFO:Defining folds
2021-10-19 20:56:56,501:INFO:Declaring metric variables
2021-10-19 20:56:56,511:INFO:Importing untrained model
2021-10-19 20:56:56,521:INFO:Extra Trees Classifier Imported succesfully
2021-10-19 20:56:56,555:INFO:Starting cross validation
2021-10-19 20:56:56,555:INFO:Cross validating with StratifiedKFold(n_splits=10, random_state=None, shuffle=False), n_jobs=-1
2021-10-19 20:57:28,646:INFO:Calculating mean and std
2021-10-19 20:57:28,646:INFO:Creating metrics dataframe
2021-10-19 20:57:28,656:INFO:Finalizing model
2021-10-19 20:57:32,458:INFO:Uploading results into container
2021-10-19 20:57:32,458:INFO:Uploading model into container now
2021-10-19 20:57:32,481:INFO:create_model_container: 16
2021-10-19 20:57:32,481:INFO:master_model_container: 16
2021-10-19 20:57:32,481:INFO:display_container: 3
2021-10-19 20:57:32,481:INFO:ExtraTreesClassifier(bootstrap=False, ccp_alpha=0.0, class_weight=None,
                     criterion='gini', max_depth=None, max_features='auto',
                     max_leaf_nodes=None, max_samples=None,
                     min_impurity_decrease=0.0, min_impurity_split=None,
                     min_samples_leaf=1, min_samples_split=2,
                     min_weight_fraction_leaf=0.0, n_estimators=100, n_jobs=-1,
                     oob_score=False, random_state=123, verbose=0,
                     warm_start=False)
2021-10-19 20:57:32,481:INFO:create_model() succesfully completed......................................
2021-10-19 20:57:32,922:INFO:Initializing create_model()
2021-10-19 20:57:32,922:INFO:create_model(estimator=catboost, fold=None, round=4, cross_validation=True, predict=True, fit_kwargs=None, groups=None, refit=True, verbose=True, system=True, metrics=None, display=None, kwargs={})
2021-10-19 20:57:32,922:INFO:Checking exceptions
2021-10-19 20:57:32,922:INFO:Preparing display monitor
2021-10-19 20:57:32,954:INFO:Importing libraries
2021-10-19 20:57:32,954:INFO:Copying training dataset
2021-10-19 20:57:32,954:INFO:Defining folds
2021-10-19 20:57:32,954:INFO:Declaring metric variables
2021-10-19 20:57:32,970:INFO:Importing untrained model
2021-10-19 20:57:32,986:INFO:CatBoost Classifier Imported succesfully
2021-10-19 20:57:33,018:INFO:Starting cross validation
2021-10-19 20:57:33,018:INFO:Cross validating with StratifiedKFold(n_splits=10, random_state=None, shuffle=False), n_jobs=-1
2021-10-19 21:01:09,243:INFO:Calculating mean and std
2021-10-19 21:01:09,243:INFO:Creating metrics dataframe
2021-10-19 21:01:09,255:INFO:Finalizing model
2021-10-19 21:01:57,253:INFO:Uploading results into container
2021-10-19 21:01:57,255:INFO:Uploading model into container now
2021-10-19 21:01:57,294:INFO:create_model_container: 17
2021-10-19 21:01:57,294:INFO:master_model_container: 17
2021-10-19 21:01:57,295:INFO:display_container: 4
2021-10-19 21:01:57,295:INFO:<catboost.core.CatBoostClassifier object at 0x000001EA00B39B50>
2021-10-19 21:01:57,295:INFO:create_model() succesfully completed......................................
2021-10-19 21:01:57,888:INFO:Initializing create_model()
2021-10-19 21:01:57,889:INFO:create_model(estimator=rf, fold=None, round=4, cross_validation=True, predict=True, fit_kwargs=None, groups=None, refit=True, verbose=True, system=True, metrics=None, display=None, kwargs={})
2021-10-19 21:01:57,890:INFO:Checking exceptions
2021-10-19 21:01:57,890:INFO:Preparing display monitor
2021-10-19 21:01:57,924:INFO:Importing libraries
2021-10-19 21:01:57,924:INFO:Copying training dataset
2021-10-19 21:01:57,940:INFO:Defining folds
2021-10-19 21:01:57,940:INFO:Declaring metric variables
2021-10-19 21:01:57,956:INFO:Importing untrained model
2021-10-19 21:01:57,982:INFO:Random Forest Classifier Imported succesfully
2021-10-19 21:01:58,009:INFO:Starting cross validation
2021-10-19 21:01:58,011:INFO:Cross validating with StratifiedKFold(n_splits=10, random_state=None, shuffle=False), n_jobs=-1
2021-10-19 21:03:05,178:INFO:Calculating mean and std
2021-10-19 21:03:05,179:INFO:Creating metrics dataframe
2021-10-19 21:03:05,221:INFO:Finalizing model
2021-10-19 21:03:12,608:INFO:Uploading results into container
2021-10-19 21:03:12,609:INFO:Uploading model into container now
2021-10-19 21:03:12,670:INFO:create_model_container: 18
2021-10-19 21:03:12,673:INFO:master_model_container: 18
2021-10-19 21:03:12,673:INFO:display_container: 5
2021-10-19 21:03:12,676:INFO:RandomForestClassifier(bootstrap=True, ccp_alpha=0.0, class_weight=None,
                       criterion='gini', max_depth=None, max_features='auto',
                       max_leaf_nodes=None, max_samples=None,
                       min_impurity_decrease=0.0, min_impurity_split=None,
                       min_samples_leaf=1, min_samples_split=2,
                       min_weight_fraction_leaf=0.0, n_estimators=100,
                       n_jobs=-1, oob_score=False, random_state=123, verbose=0,
                       warm_start=False)
2021-10-19 21:03:12,676:INFO:create_model() succesfully completed......................................
2021-10-19 21:04:24,084:INFO:Initializing tune_model()
2021-10-19 21:04:24,085:INFO:tune_model(estimator=ExtraTreesClassifier(bootstrap=False, ccp_alpha=0.0, class_weight=None,
                     criterion='gini', max_depth=None, max_features='auto',
                     max_leaf_nodes=None, max_samples=None,
                     min_impurity_decrease=0.0, min_impurity_split=None,
                     min_samples_leaf=1, min_samples_split=2,
                     min_weight_fraction_leaf=0.0, n_estimators=100, n_jobs=-1,
                     oob_score=False, random_state=123, verbose=0,
                     warm_start=False), fold=None, round=4, n_iter=10, custom_grid=None, optimize=Accuracy, custom_scorer=None, search_library=scikit-learn, search_algorithm=None, early_stopping=False, early_stopping_max_iters=10, choose_better=False, fit_kwargs=None, groups=None, return_tuner=False, verbose=True, tuner_verbose=True, display=None, kwargs={})
2021-10-19 21:04:24,085:INFO:Checking exceptions
2021-10-19 21:04:24,091:INFO:Preparing display monitor
2021-10-19 21:04:24,115:INFO:Copying training dataset
2021-10-19 21:04:24,122:INFO:Checking base model
2021-10-19 21:04:24,122:INFO:Base model : Extra Trees Classifier
2021-10-19 21:04:24,140:INFO:Declaring metric variables
2021-10-19 21:04:24,156:INFO:Defining Hyperparameters
2021-10-19 21:04:24,708:INFO:Tuning with n_jobs=-1
2021-10-19 21:04:24,708:INFO:Initializing RandomizedSearchCV
2021-10-19 21:10:15,597:INFO:best_params: {'actual_estimator__n_estimators': 150, 'actual_estimator__min_samples_split': 10, 'actual_estimator__min_samples_leaf': 5, 'actual_estimator__min_impurity_decrease': 0.0002, 'actual_estimator__max_features': 1.0, 'actual_estimator__max_depth': 5, 'actual_estimator__criterion': 'entropy', 'actual_estimator__class_weight': {}, 'actual_estimator__bootstrap': False}
2021-10-19 21:10:15,597:INFO:Hyperparameter search completed
2021-10-19 21:10:15,597:INFO:SubProcess create_model() called ==================================
2021-10-19 21:10:15,597:INFO:Initializing create_model()
2021-10-19 21:10:15,597:INFO:create_model(estimator=ExtraTreesClassifier(bootstrap=False, ccp_alpha=0.0, class_weight=None,
                     criterion='gini', max_depth=None, max_features='auto',
                     max_leaf_nodes=None, max_samples=None,
                     min_impurity_decrease=0.0, min_impurity_split=None,
                     min_samples_leaf=1, min_samples_split=2,
                     min_weight_fraction_leaf=0.0, n_estimators=100, n_jobs=-1,
                     oob_score=False, random_state=123, verbose=0,
                     warm_start=False), fold=StratifiedKFold(n_splits=10, random_state=None, shuffle=False), round=4, cross_validation=True, predict=True, fit_kwargs={}, groups=None, refit=True, verbose=True, system=False, metrics=None, display=<pycaret.internal.Display.Display object at 0x000001EA552FDEB0>, kwargs={'n_estimators': 150, 'min_samples_split': 10, 'min_samples_leaf': 5, 'min_impurity_decrease': 0.0002, 'max_features': 1.0, 'max_depth': 5, 'criterion': 'entropy', 'class_weight': {}, 'bootstrap': False})
2021-10-19 21:10:15,597:INFO:Checking exceptions
2021-10-19 21:10:15,602:INFO:Importing libraries
2021-10-19 21:10:15,602:INFO:Copying training dataset
2021-10-19 21:10:15,607:INFO:Defining folds
2021-10-19 21:10:15,608:INFO:Declaring metric variables
2021-10-19 21:10:15,625:INFO:Importing untrained model
2021-10-19 21:10:15,626:INFO:Declaring custom model
2021-10-19 21:10:15,648:INFO:Extra Trees Classifier Imported succesfully
2021-10-19 21:10:15,689:INFO:Starting cross validation
2021-10-19 21:10:15,691:INFO:Cross validating with StratifiedKFold(n_splits=10, random_state=None, shuffle=False), n_jobs=-1
2021-10-19 21:11:34,965:INFO:Calculating mean and std
2021-10-19 21:11:34,967:INFO:Creating metrics dataframe
2021-10-19 21:11:34,996:INFO:Finalizing model
2021-10-19 21:11:43,146:INFO:Uploading results into container
2021-10-19 21:11:43,147:INFO:Uploading model into container now
2021-10-19 21:11:43,147:INFO:create_model_container: 19
2021-10-19 21:11:43,147:INFO:master_model_container: 19
2021-10-19 21:11:43,147:INFO:display_container: 6
2021-10-19 21:11:43,148:INFO:ExtraTreesClassifier(bootstrap=False, ccp_alpha=0.0, class_weight={},
                     criterion='entropy', max_depth=5, max_features=1.0,
                     max_leaf_nodes=None, max_samples=None,
                     min_impurity_decrease=0.0002, min_impurity_split=None,
                     min_samples_leaf=5, min_samples_split=10,
                     min_weight_fraction_leaf=0.0, n_estimators=150, n_jobs=-1,
                     oob_score=False, random_state=123, verbose=0,
                     warm_start=False)
2021-10-19 21:11:43,148:INFO:create_model() succesfully completed......................................
2021-10-19 21:11:43,690:INFO:SubProcess create_model() end ==================================
2021-10-19 21:11:43,714:INFO:create_model_container: 19
2021-10-19 21:11:43,714:INFO:master_model_container: 19
2021-10-19 21:11:43,714:INFO:display_container: 6
2021-10-19 21:11:43,721:INFO:ExtraTreesClassifier(bootstrap=False, ccp_alpha=0.0, class_weight={},
                     criterion='entropy', max_depth=5, max_features=1.0,
                     max_leaf_nodes=None, max_samples=None,
                     min_impurity_decrease=0.0002, min_impurity_split=None,
                     min_samples_leaf=5, min_samples_split=10,
                     min_weight_fraction_leaf=0.0, n_estimators=150, n_jobs=-1,
                     oob_score=False, random_state=123, verbose=0,
                     warm_start=False)
2021-10-19 21:11:43,721:INFO:tune_model() succesfully completed......................................
2021-10-19 21:11:44,293:INFO:Initializing tune_model()
2021-10-19 21:11:44,293:INFO:tune_model(estimator=<catboost.core.CatBoostClassifier object at 0x000001EA00B39B50>, fold=None, round=4, n_iter=10, custom_grid=None, optimize=Accuracy, custom_scorer=None, search_library=scikit-learn, search_algorithm=None, early_stopping=False, early_stopping_max_iters=10, choose_better=False, fit_kwargs=None, groups=None, return_tuner=False, verbose=True, tuner_verbose=True, display=None, kwargs={})
2021-10-19 21:11:44,293:INFO:Checking exceptions
2021-10-19 21:11:44,298:INFO:Preparing display monitor
2021-10-19 21:11:44,338:INFO:Copying training dataset
2021-10-19 21:11:44,347:INFO:Checking base model
2021-10-19 21:11:44,347:INFO:Base model : CatBoost Classifier
2021-10-19 21:11:44,369:INFO:Declaring metric variables
2021-10-19 21:11:44,390:INFO:Defining Hyperparameters
2021-10-19 21:11:44,961:INFO:Tuning with n_jobs=-1
2021-10-19 21:11:44,961:INFO:Initializing RandomizedSearchCV
2021-10-19 21:16:21,131:INFO:best_params: {'actual_estimator__random_strength': 0.2, 'actual_estimator__n_estimators': 180, 'actual_estimator__l2_leaf_reg': 30, 'actual_estimator__eta': 0.4, 'actual_estimator__depth': 8}
2021-10-19 21:16:21,133:INFO:Hyperparameter search completed
2021-10-19 21:16:21,133:INFO:SubProcess create_model() called ==================================
2021-10-19 21:16:21,133:INFO:Initializing create_model()
2021-10-19 21:16:21,133:INFO:create_model(estimator=<catboost.core.CatBoostClassifier object at 0x000001EA00B8A040>, fold=StratifiedKFold(n_splits=10, random_state=None, shuffle=False), round=4, cross_validation=True, predict=True, fit_kwargs={}, groups=None, refit=True, verbose=True, system=False, metrics=None, display=<pycaret.internal.Display.Display object at 0x000001EA6336E400>, kwargs={'random_strength': 0.2, 'n_estimators': 180, 'l2_leaf_reg': 30, 'eta': 0.4, 'depth': 8})
2021-10-19 21:16:21,133:INFO:Checking exceptions
2021-10-19 21:16:21,133:INFO:Importing libraries
2021-10-19 21:16:21,133:INFO:Copying training dataset
2021-10-19 21:16:21,141:INFO:Defining folds
2021-10-19 21:16:21,141:INFO:Declaring metric variables
2021-10-19 21:16:21,158:INFO:Importing untrained model
2021-10-19 21:16:21,158:INFO:Declaring custom model
2021-10-19 21:16:21,172:INFO:CatBoost Classifier Imported succesfully
2021-10-19 21:16:21,205:INFO:Starting cross validation
2021-10-19 21:16:21,206:INFO:Cross validating with StratifiedKFold(n_splits=10, random_state=None, shuffle=False), n_jobs=-1
2021-10-19 21:17:12,751:INFO:Calculating mean and std
2021-10-19 21:17:12,751:INFO:Creating metrics dataframe
2021-10-19 21:17:12,771:INFO:Finalizing model
2021-10-19 21:17:19,185:INFO:Uploading results into container
2021-10-19 21:17:19,186:INFO:Uploading model into container now
2021-10-19 21:17:19,186:INFO:create_model_container: 20
2021-10-19 21:17:19,186:INFO:master_model_container: 20
2021-10-19 21:17:19,186:INFO:display_container: 7
2021-10-19 21:17:19,186:INFO:<catboost.core.CatBoostClassifier object at 0x000001EA00B8A3D0>
2021-10-19 21:17:19,187:INFO:create_model() succesfully completed......................................
2021-10-19 21:17:19,688:INFO:SubProcess create_model() end ==================================
2021-10-19 21:17:19,726:INFO:create_model_container: 20
2021-10-19 21:17:19,726:INFO:master_model_container: 20
2021-10-19 21:17:19,726:INFO:display_container: 7
2021-10-19 21:17:19,726:INFO:<catboost.core.CatBoostClassifier object at 0x000001EA00B8A3D0>
2021-10-19 21:17:19,727:INFO:tune_model() succesfully completed......................................
2021-10-19 21:17:20,228:INFO:Initializing tune_model()
2021-10-19 21:17:20,229:INFO:tune_model(estimator=RandomForestClassifier(bootstrap=True, ccp_alpha=0.0, class_weight=None,
                       criterion='gini', max_depth=None, max_features='auto',
                       max_leaf_nodes=None, max_samples=None,
                       min_impurity_decrease=0.0, min_impurity_split=None,
                       min_samples_leaf=1, min_samples_split=2,
                       min_weight_fraction_leaf=0.0, n_estimators=100,
                       n_jobs=-1, oob_score=False, random_state=123, verbose=0,
                       warm_start=False), fold=None, round=4, n_iter=10, custom_grid=None, optimize=Accuracy, custom_scorer=None, search_library=scikit-learn, search_algorithm=None, early_stopping=False, early_stopping_max_iters=10, choose_better=False, fit_kwargs=None, groups=None, return_tuner=False, verbose=True, tuner_verbose=True, display=None, kwargs={})
2021-10-19 21:17:20,229:INFO:Checking exceptions
2021-10-19 21:17:20,233:INFO:Preparing display monitor
2021-10-19 21:17:20,255:INFO:Copying training dataset
2021-10-19 21:17:20,255:INFO:Checking base model
2021-10-19 21:17:20,255:INFO:Base model : Random Forest Classifier
2021-10-19 21:17:20,270:INFO:Declaring metric variables
2021-10-19 21:17:20,270:INFO:Defining Hyperparameters
2021-10-19 21:17:20,754:INFO:Tuning with n_jobs=-1
2021-10-19 21:17:20,757:INFO:Initializing RandomizedSearchCV
2021-10-19 21:33:56,213:INFO:best_params: {'actual_estimator__n_estimators': 150, 'actual_estimator__min_samples_split': 10, 'actual_estimator__min_samples_leaf': 5, 'actual_estimator__min_impurity_decrease': 0.0002, 'actual_estimator__max_features': 1.0, 'actual_estimator__max_depth': 5, 'actual_estimator__criterion': 'entropy', 'actual_estimator__class_weight': {}, 'actual_estimator__bootstrap': False}
2021-10-19 21:33:56,213:INFO:Hyperparameter search completed
2021-10-19 21:33:56,213:INFO:SubProcess create_model() called ==================================
2021-10-19 21:33:56,213:INFO:Initializing create_model()
2021-10-19 21:33:56,213:INFO:create_model(estimator=RandomForestClassifier(bootstrap=True, ccp_alpha=0.0, class_weight=None,
                       criterion='gini', max_depth=None, max_features='auto',
                       max_leaf_nodes=None, max_samples=None,
                       min_impurity_decrease=0.0, min_impurity_split=None,
                       min_samples_leaf=1, min_samples_split=2,
                       min_weight_fraction_leaf=0.0, n_estimators=100,
                       n_jobs=-1, oob_score=False, random_state=123, verbose=0,
                       warm_start=False), fold=StratifiedKFold(n_splits=10, random_state=None, shuffle=False), round=4, cross_validation=True, predict=True, fit_kwargs={}, groups=None, refit=True, verbose=True, system=False, metrics=None, display=<pycaret.internal.Display.Display object at 0x000001EA011DA040>, kwargs={'n_estimators': 150, 'min_samples_split': 10, 'min_samples_leaf': 5, 'min_impurity_decrease': 0.0002, 'max_features': 1.0, 'max_depth': 5, 'criterion': 'entropy', 'class_weight': {}, 'bootstrap': False})
2021-10-19 21:33:56,213:INFO:Checking exceptions
2021-10-19 21:33:56,213:INFO:Importing libraries
2021-10-19 21:33:56,213:INFO:Copying training dataset
2021-10-19 21:33:56,213:INFO:Defining folds
2021-10-19 21:33:56,213:INFO:Declaring metric variables
2021-10-19 21:33:56,229:INFO:Importing untrained model
2021-10-19 21:33:56,229:INFO:Declaring custom model
2021-10-19 21:33:56,229:INFO:Random Forest Classifier Imported succesfully
2021-10-19 21:33:56,260:INFO:Starting cross validation
2021-10-19 21:33:56,260:INFO:Cross validating with StratifiedKFold(n_splits=10, random_state=None, shuffle=False), n_jobs=-1
2021-10-19 21:39:49,656:INFO:Calculating mean and std
2021-10-19 21:39:49,656:INFO:Creating metrics dataframe
2021-10-19 21:39:49,671:INFO:Finalizing model
2021-10-19 21:40:28,765:INFO:Uploading results into container
2021-10-19 21:40:28,765:INFO:Uploading model into container now
2021-10-19 21:40:28,765:INFO:create_model_container: 21
2021-10-19 21:40:28,765:INFO:master_model_container: 21
2021-10-19 21:40:28,765:INFO:display_container: 8
2021-10-19 21:40:28,765:INFO:RandomForestClassifier(bootstrap=False, ccp_alpha=0.0, class_weight={},
                       criterion='entropy', max_depth=5, max_features=1.0,
                       max_leaf_nodes=None, max_samples=None,
                       min_impurity_decrease=0.0002, min_impurity_split=None,
                       min_samples_leaf=5, min_samples_split=10,
                       min_weight_fraction_leaf=0.0, n_estimators=150,
                       n_jobs=-1, oob_score=False, random_state=123, verbose=0,
                       warm_start=False)
2021-10-19 21:40:28,765:INFO:create_model() succesfully completed......................................
2021-10-19 21:40:29,227:INFO:SubProcess create_model() end ==================================
2021-10-19 21:40:29,247:INFO:create_model_container: 21
2021-10-19 21:40:29,247:INFO:master_model_container: 21
2021-10-19 21:40:29,247:INFO:display_container: 8
2021-10-19 21:40:29,255:INFO:RandomForestClassifier(bootstrap=False, ccp_alpha=0.0, class_weight={},
                       criterion='entropy', max_depth=5, max_features=1.0,
                       max_leaf_nodes=None, max_samples=None,
                       min_impurity_decrease=0.0002, min_impurity_split=None,
                       min_samples_leaf=5, min_samples_split=10,
                       min_weight_fraction_leaf=0.0, n_estimators=150,
                       n_jobs=-1, oob_score=False, random_state=123, verbose=0,
                       warm_start=False)
2021-10-19 21:40:29,255:INFO:tune_model() succesfully completed......................................
2021-10-19 21:47:36,698:INFO:Initializing plot_model()
2021-10-19 21:47:36,699:INFO:plot_model(plot=auc, fold=None, use_train_data=False, verbose=True, is_in_evaluate=False, display=None, display_format=None, estimator=ExtraTreesClassifier(bootstrap=False, ccp_alpha=0.0, class_weight={},
                     criterion='entropy', max_depth=5, max_features=1.0,
                     max_leaf_nodes=None, max_samples=None,
                     min_impurity_decrease=0.0002, min_impurity_split=None,
                     min_samples_leaf=5, min_samples_split=10,
                     min_weight_fraction_leaf=0.0, n_estimators=150, n_jobs=-1,
                     oob_score=False, random_state=123, verbose=0,
                     warm_start=False), feature_name=None, fit_kwargs=None, groups=None, label=False, save=False, scale=1, system=True)
2021-10-19 21:47:36,699:INFO:Checking exceptions
2021-10-19 21:47:36,729:INFO:Preparing display monitor
2021-10-19 21:47:36,742:INFO:Preloading libraries
2021-10-19 21:47:36,757:INFO:Copying training dataset
2021-10-19 21:47:36,762:INFO:Copying test dataset
2021-10-19 21:47:36,767:INFO:Plot type: auc
2021-10-19 21:47:38,460:INFO:Fitting Model
2021-10-19 21:47:38,468:INFO:Scoring test/hold-out set
2021-10-19 21:47:38,974:INFO:Visual Rendered Successfully
2021-10-19 21:47:39,558:INFO:plot_model() succesfully completed......................................
2021-10-19 21:47:48,228:INFO:Initializing plot_model()
2021-10-19 21:47:48,228:INFO:plot_model(plot=auc, fold=None, use_train_data=False, verbose=True, is_in_evaluate=False, display=None, display_format=None, estimator=ExtraTreesClassifier(bootstrap=False, ccp_alpha=0.0, class_weight={},
                     criterion='entropy', max_depth=5, max_features=1.0,
                     max_leaf_nodes=None, max_samples=None,
                     min_impurity_decrease=0.0002, min_impurity_split=None,
                     min_samples_leaf=5, min_samples_split=10,
                     min_weight_fraction_leaf=0.0, n_estimators=150, n_jobs=-1,
                     oob_score=False, random_state=123, verbose=0,
                     warm_start=False), feature_name=None, fit_kwargs=None, groups=None, label=False, save=False, scale=1, system=True)
2021-10-19 21:47:48,228:INFO:Checking exceptions
2021-10-19 21:47:48,256:INFO:Preparing display monitor
2021-10-19 21:47:48,266:INFO:Preloading libraries
2021-10-19 21:47:48,284:INFO:Copying training dataset
2021-10-19 21:47:48,288:INFO:Copying test dataset
2021-10-19 21:47:48,290:INFO:Plot type: auc
2021-10-19 21:47:48,352:INFO:Fitting Model
2021-10-19 21:47:48,359:INFO:Scoring test/hold-out set
2021-10-19 21:47:48,718:INFO:Visual Rendered Successfully
2021-10-19 21:47:49,194:INFO:plot_model() succesfully completed......................................
2021-10-19 21:47:52,034:INFO:Initializing plot_model()
2021-10-19 21:47:52,035:INFO:plot_model(plot=auc, fold=None, use_train_data=False, verbose=True, is_in_evaluate=False, display=None, display_format=None, estimator=ExtraTreesClassifier(bootstrap=False, ccp_alpha=0.0, class_weight={},
                     criterion='entropy', max_depth=5, max_features=1.0,
                     max_leaf_nodes=None, max_samples=None,
                     min_impurity_decrease=0.0002, min_impurity_split=None,
                     min_samples_leaf=5, min_samples_split=10,
                     min_weight_fraction_leaf=0.0, n_estimators=150, n_jobs=-1,
                     oob_score=False, random_state=123, verbose=0,
                     warm_start=False), feature_name=None, fit_kwargs=None, groups=None, label=False, save=False, scale=1, system=True)
2021-10-19 21:47:52,035:INFO:Checking exceptions
2021-10-19 21:47:52,066:INFO:Preparing display monitor
2021-10-19 21:47:52,073:INFO:Preloading libraries
2021-10-19 21:47:52,093:INFO:Copying training dataset
2021-10-19 21:47:52,098:INFO:Copying test dataset
2021-10-19 21:47:52,100:INFO:Plot type: auc
2021-10-19 21:47:52,161:INFO:Fitting Model
2021-10-19 21:47:52,161:INFO:Scoring test/hold-out set
2021-10-19 21:47:52,526:INFO:Visual Rendered Successfully
2021-10-19 21:47:52,994:INFO:plot_model() succesfully completed......................................
2021-10-19 21:48:12,868:INFO:Initializing plot_model()
2021-10-19 21:48:12,868:INFO:plot_model(plot=confusion_matrix, fold=None, use_train_data=False, verbose=True, is_in_evaluate=False, display=None, display_format=None, estimator=ExtraTreesClassifier(bootstrap=False, ccp_alpha=0.0, class_weight={},
                     criterion='entropy', max_depth=5, max_features=1.0,
                     max_leaf_nodes=None, max_samples=None,
                     min_impurity_decrease=0.0002, min_impurity_split=None,
                     min_samples_leaf=5, min_samples_split=10,
                     min_weight_fraction_leaf=0.0, n_estimators=150, n_jobs=-1,
                     oob_score=False, random_state=123, verbose=0,
                     warm_start=False), feature_name=None, fit_kwargs=None, groups=None, label=False, save=False, scale=1, system=True)
2021-10-19 21:48:12,868:INFO:Checking exceptions
2021-10-19 21:48:12,900:INFO:Preparing display monitor
2021-10-19 21:48:12,914:INFO:Preloading libraries
2021-10-19 21:48:12,931:INFO:Copying training dataset
2021-10-19 21:48:12,935:INFO:Copying test dataset
2021-10-19 21:48:12,937:INFO:Plot type: confusion_matrix
2021-10-19 21:48:12,992:INFO:Fitting Model
2021-10-19 21:48:12,992:INFO:Scoring test/hold-out set
2021-10-19 21:48:13,530:INFO:Visual Rendered Successfully
2021-10-19 21:48:14,012:INFO:plot_model() succesfully completed......................................
2021-10-19 21:48:42,610:INFO:Initializing plot_model()
2021-10-19 21:48:42,610:INFO:plot_model(plot=confusion_matrix, fold=None, use_train_data=False, verbose=True, is_in_evaluate=False, display=None, display_format=None, estimator=ExtraTreesClassifier(bootstrap=False, ccp_alpha=0.0, class_weight={},
                     criterion='entropy', max_depth=5, max_features=1.0,
                     max_leaf_nodes=None, max_samples=None,
                     min_impurity_decrease=0.0002, min_impurity_split=None,
                     min_samples_leaf=5, min_samples_split=10,
                     min_weight_fraction_leaf=0.0, n_estimators=150, n_jobs=-1,
                     oob_score=False, random_state=123, verbose=0,
                     warm_start=False), feature_name=None, fit_kwargs=None, groups=None, label=False, save=False, scale=1, system=True)
2021-10-19 21:48:42,611:INFO:Checking exceptions
2021-10-19 21:48:42,642:INFO:Preparing display monitor
2021-10-19 21:48:42,654:INFO:Preloading libraries
2021-10-19 21:48:42,671:INFO:Copying training dataset
2021-10-19 21:48:42,674:INFO:Copying test dataset
2021-10-19 21:48:42,676:INFO:Plot type: confusion_matrix
2021-10-19 21:48:42,727:INFO:Fitting Model
2021-10-19 21:48:42,729:INFO:Scoring test/hold-out set
2021-10-19 21:48:43,252:INFO:Visual Rendered Successfully
2021-10-19 21:48:43,724:INFO:plot_model() succesfully completed......................................
2021-10-19 21:49:02,579:INFO:Initializing plot_model()
2021-10-19 21:49:02,579:INFO:plot_model(plot=auc, fold=None, use_train_data=False, verbose=True, is_in_evaluate=False, display=None, display_format=None, estimator=ExtraTreesClassifier(bootstrap=False, ccp_alpha=0.0, class_weight={},
                     criterion='entropy', max_depth=5, max_features=1.0,
                     max_leaf_nodes=None, max_samples=None,
                     min_impurity_decrease=0.0002, min_impurity_split=None,
                     min_samples_leaf=5, min_samples_split=10,
                     min_weight_fraction_leaf=0.0, n_estimators=150, n_jobs=-1,
                     oob_score=False, random_state=123, verbose=0,
                     warm_start=False), feature_name=None, fit_kwargs=None, groups=None, label=False, save=False, scale=1, system=True)
2021-10-19 21:49:02,580:INFO:Checking exceptions
2021-10-19 21:49:02,612:INFO:Preparing display monitor
2021-10-19 21:49:02,619:INFO:Preloading libraries
2021-10-19 21:49:02,636:INFO:Copying training dataset
2021-10-19 21:49:02,640:INFO:Copying test dataset
2021-10-19 21:49:02,642:INFO:Plot type: auc
2021-10-19 21:49:02,696:INFO:Fitting Model
2021-10-19 21:49:02,701:INFO:Scoring test/hold-out set
2021-10-19 21:49:03,283:INFO:Visual Rendered Successfully
2021-10-19 21:49:03,784:INFO:plot_model() succesfully completed......................................
2021-10-19 21:49:46,250:INFO:Initializing plot_model()
2021-10-19 21:49:46,251:INFO:plot_model(plot=feature, fold=None, use_train_data=False, verbose=True, is_in_evaluate=False, display=None, display_format=None, estimator=ExtraTreesClassifier(bootstrap=False, ccp_alpha=0.0, class_weight={},
                     criterion='entropy', max_depth=5, max_features=1.0,
                     max_leaf_nodes=None, max_samples=None,
                     min_impurity_decrease=0.0002, min_impurity_split=None,
                     min_samples_leaf=5, min_samples_split=10,
                     min_weight_fraction_leaf=0.0, n_estimators=150, n_jobs=-1,
                     oob_score=False, random_state=123, verbose=0,
                     warm_start=False), feature_name=None, fit_kwargs=None, groups=None, label=False, save=False, scale=1, system=True)
2021-10-19 21:49:46,251:INFO:Checking exceptions
2021-10-19 21:49:46,283:INFO:Preparing display monitor
2021-10-19 21:49:46,296:INFO:Preloading libraries
2021-10-19 21:49:46,315:INFO:Copying training dataset
2021-10-19 21:49:46,319:INFO:Copying test dataset
2021-10-19 21:49:46,322:INFO:Plot type: feature
2021-10-19 21:49:46,373:WARNING:No coef_ found. Trying feature_importances_
2021-10-19 21:49:46,591:INFO:Visual Rendered Successfully
2021-10-19 21:49:47,085:INFO:plot_model() succesfully completed......................................
2021-10-19 21:50:18,504:INFO:Initializing predict_model()
2021-10-19 21:50:18,505:INFO:predict_model(estimator=ExtraTreesClassifier(bootstrap=False, ccp_alpha=0.0, class_weight={},
                     criterion='entropy', max_depth=5, max_features=1.0,
                     max_leaf_nodes=None, max_samples=None,
                     min_impurity_decrease=0.0002, min_impurity_split=None,
                     min_samples_leaf=5, min_samples_split=10,
                     min_weight_fraction_leaf=0.0, n_estimators=150, n_jobs=-1,
                     oob_score=False, random_state=123, verbose=0,
                     warm_start=False), probability_threshold=None, encoded_labels=False, raw_score=False, round=4, verbose=True, ml_usecase=MLUsecase.CLASSIFICATION, display=None)
2021-10-19 21:50:18,505:INFO:Checking exceptions
2021-10-19 21:50:18,506:INFO:Preloading libraries
2021-10-19 21:50:18,506:INFO:Preparing display monitor
